<?xml version="1.0" encoding="UTF-8"?>
<testsuite xmlns:xsi="http://www.w3.org/2001/XMLSchema-instance" xsi:noNamespaceSchemaLocation="https://maven.apache.org/surefire/maven-surefire-plugin/xsd/surefire-test-report.xsd" name="it.io.openliberty.guides.util.DBManagerTest" time="0.028" tests="2" errors="0" skipped="0" failures="0">
  <properties>
[...]
</properties>
  <testcase name="testDatabase" classname="it.io.openliberty.guides.util.DBManagerTest" time="0.019"/>
  <testcase name="testLoginUser" classname="it.io.openliberty.guides.util.DBManagerTest" time="0"/>
</testsuite>